<?xml version="1.0" encoding="UTF-8"?>
<!-- Generated by org.testng.reporters.JUnitXMLReporter -->
<testsuite ignored="0" hostname="INLaptop136.local" failures="0" tests="10" name="API Tests" time="9.719" errors="0" timestamp="2023-08-18T22:10:13 IST">
  <testcase classname="com.mindtickle.tests.UserAPITest" name="createSingleUserWithOverrides" time="1.28"/>
  <testcase classname="com.mindtickle.tests.UserAPITest" name="createMultiUsersFromJsonFile" time="0.993"/>
  <testcase classname="com.mindtickle.tests.UserAPITest" name="testUpdateUser" time="0.872"/>
  <testcase classname="com.mindtickle.tests.UserAPITest" name="testUpdateUserFromFile" time="0.905"/>
  <testcase classname="com.mindtickle.tests.UserAPITest" name="testGetUserByUsername" time="0.907"/>
  <testcase classname="com.mindtickle.tests.PetAPITest" name="createPetFromJsonFile" time="0.916"/>
  <testcase classname="com.mindtickle.tests.PetAPITest" name="createMultiPetFromJsonFile" time="0.915"/>
  <testcase classname="com.mindtickle.tests.PetAPITest" name="testUpdatePet" time="0.926"/>
  <testcase classname="com.mindtickle.tests.PetAPITest" name="testUpdatePetFromFile" time="1.018"/>
  <testcase classname="com.mindtickle.tests.PetAPITest" name="testGetPetsByStatus" time="0.95"/>
</testsuite> <!-- API Tests -->
